<?xml version="1.0" encoding="UTF-8"?>
<!-- Generated by org.testng.reporters.JUnitReportReporter -->
<testsuite hostname="DESKTOP-OGJN7AI" failures="0" tests="2" name="com.cloudfuze.testcases.DeltaBFBtoODFB" time="29.209" errors="0" timestamp="2020-12-09T14:49:47 IST" skipped="0">
  <testcase classname="com.cloudfuze.testcases.DeltaBFBtoODFB" name="LoginTesting" time="6.589"/>
  <system-out/>
  <testcase classname="com.cloudfuze.testcases.DeltaBFBtoODFB" name="migratefromBFBtoODFBbusiness" time="22.620"/>
  <system-out/>
</testsuite> <!-- com.cloudfuze.testcases.DeltaBFBtoODFB -->
