<?xml version="1.0" encoding="UTF-8"?>
<!-- Generated by org.testng.reporters.JUnitReportReporter -->
<testsuite hostname="DESKTOP-OGJN7AI" failures="0" tests="1" name="com.cloudfuze.testcases.LoginTest" time="15.529" errors="0" timestamp="2020-12-09T11:13:19 IST" skipped="0">
  <testcase classname="com.cloudfuze.testcases.LoginTest" name="LoginTesting" time="15.529"/>
  <system-out/>
</testsuite> <!-- com.cloudfuze.testcases.LoginTest -->
