<?xml version="1.0" encoding="UTF-8"?>
<!-- Generated by org.testng.reporters.JUnitReportReporter -->
<testsuite hostname="DESKTOP-OGJN7AI" failures="0" tests="2" name="com.cloudfuze.testcases.MigratefromBFBtoODFB" time="28.496" errors="0" timestamp="2020-12-09T13:27:04 IST" skipped="0">
  <testcase classname="com.cloudfuze.testcases.MigratefromBFBtoODFB" name="LoginTesting" time="6.560"/>
  <system-out/>
  <testcase classname="com.cloudfuze.testcases.MigratefromBFBtoODFB" name="migratefromBFBtoODFBbusiness" time="21.936"/>
  <system-out/>
</testsuite> <!-- com.cloudfuze.testcases.MigratefromBFBtoODFB -->
