<?xml version="1.0" encoding="UTF-8"?>
<!-- Generated by org.testng.reporters.JUnitReportReporter -->
<testsuite hostname="DESKTOP-OGJN7AI" failures="0" tests="2" name="com.cloudfuze.testcases.MigrateFromSourcetoD" time="4.873" errors="0" timestamp="2020-12-07T16:26:27 IST" skipped="0">
  <testcase classname="com.cloudfuze.testcases.MigrateFromSourcetoD" name="LoginTesting" time="4.857"/>
  <system-out/>
  <testcase classname="com.cloudfuze.testcases.MigrateFromSourcetoD" name="MigrateFromBFb" time="0.016"/>
  <system-out/>
</testsuite> <!-- com.cloudfuze.testcases.MigrateFromSourcetoD -->
