<?xml version="1.0" encoding="UTF-8"?>
<!-- Generated by org.testng.reporters.JUnitReportReporter -->
<testsuite hostname="DESKTOP-OGJN7AI" failures="0" tests="2" name="com.cloudfuze.testcases.AddingBoxConsumer" time="13.842" errors="0" timestamp="2020-12-05T14:38:47 IST" skipped="0">
  <testcase classname="com.cloudfuze.testcases.AddingBoxConsumer" name="LoginTesting" time="3.968"/>
  <system-out/>
  <testcase classname="com.cloudfuze.testcases.AddingBoxConsumer" name="addingbox" time="9.874"/>
  <system-out/>
</testsuite> <!-- com.cloudfuze.testcases.AddingBoxConsumer -->
